-------------------------------------------------------------------------------
Test set: test.NextTest
-------------------------------------------------------------------------------
Tests run: 1, Failures: 0, Errors: 1, Skipped: 0, Time elapsed: 0.469 sec <<< FAILURE!
test.NextTest  Time elapsed: 0.469 sec  <<< ERROR!
org.apache.openejb.OpenEjbContainer$InitializationException: java.lang.IllegalArgumentException
	at org.apache.openejb.OpenEjbContainer$Provider.createEJBContainer(OpenEjbContainer.java:442)
	at javax.ejb.embeddable.EJBContainer.createEJBContainer(EJBContainer.java:56)
	at test.NextTest.setUp(NextTest.java:27)
	at sun.reflect.NativeMethodAccessorImpl.invoke0(Native Method)
	at sun.reflect.NativeMethodAccessorImpl.invoke(NativeMethodAccessorImpl.java:62)
	at sun.reflect.DelegatingMethodAccessorImpl.invoke(DelegatingMethodAccessorImpl.java:43)
	at java.lang.reflect.Method.invoke(Method.java:483)
	at org.junit.runners.model.FrameworkMethod$1.runReflectiveCall(FrameworkMethod.java:47)
	at org.junit.internal.runners.model.ReflectiveCallable.run(ReflectiveCallable.java:12)
	at org.junit.runners.model.FrameworkMethod.invokeExplosively(FrameworkMethod.java:44)
	at org.junit.internal.runners.statements.RunBefores.evaluate(RunBefores.java:24)
	at org.junit.runners.ParentRunner.run(ParentRunner.java:309)
	at org.apache.maven.surefire.junit4.JUnit4Provider.execute(JUnit4Provider.java:252)
	at org.apache.maven.surefire.junit4.JUnit4Provider.executeTestSet(JUnit4Provider.java:141)
	at org.apache.maven.surefire.junit4.JUnit4Provider.invoke(JUnit4Provider.java:112)
	at sun.reflect.NativeMethodAccessorImpl.invoke0(Native Method)
	at sun.reflect.NativeMethodAccessorImpl.invoke(NativeMethodAccessorImpl.java:62)
	at sun.reflect.DelegatingMethodAccessorImpl.invoke(DelegatingMethodAccessorImpl.java:43)
	at java.lang.reflect.Method.invoke(Method.java:483)
	at org.apache.maven.surefire.util.ReflectionUtils.invokeMethodWithArray(ReflectionUtils.java:189)
	at org.apache.maven.surefire.booter.ProviderFactory$ProviderProxy.invoke(ProviderFactory.java:165)
	at org.apache.maven.surefire.booter.ProviderFactory.invokeProvider(ProviderFactory.java:85)
	at org.apache.maven.surefire.booter.ForkedBooter.runSuitesInProcess(ForkedBooter.java:115)
	at org.apache.maven.surefire.booter.ForkedBooter.main(ForkedBooter.java:75)
Caused by: java.lang.IllegalArgumentException
	at org.apache.xbean.asm4.ClassReader.<init>(Unknown Source)
	at org.apache.xbean.asm4.ClassReader.<init>(Unknown Source)
	at org.apache.xbean.asm4.ClassReader.<init>(Unknown Source)
	at org.apache.openejb.util.AnnotationFinder.readClassDef(AnnotationFinder.java:297)
	at org.apache.openejb.util.AnnotationFinder.find(AnnotationFinder.java:163)
	at org.apache.openejb.config.DeploymentLoader.checkAnnotations(DeploymentLoader.java:1871)
	at org.apache.openejb.config.DeploymentLoader.discoverModuleType(DeploymentLoader.java:1782)
	at org.apache.openejb.config.DeploymentsResolver.processUrls(DeploymentsResolver.java:388)
	at org.apache.openejb.config.DeploymentsResolver.loadFromClasspath(DeploymentsResolver.java:301)
	at org.apache.openejb.config.ConfigurationFactory.getModulesFromClassPath(ConfigurationFactory.java:647)
	at org.apache.openejb.OpenEjbContainer$Provider.load(OpenEjbContainer.java:535)
	at org.apache.openejb.OpenEjbContainer$Provider.createEJBContainer(OpenEjbContainer.java:354)
	... 23 more

