<?xml version="1.0" encoding="UTF-8" ?>
<testsuite tests="1" failures="0" name="test.NextTest" time="0.469" errors="1" skipped="0">
  <properties>
[...]
</properties>
  <testcase classname="test.NextTest" name="test.NextTest" time="0.469">
    <error message="java.lang.IllegalArgumentException" type="org.apache.openejb.OpenEjbContainer$InitializationException">org.apache.openejb.OpenEjbContainer$InitializationException: java.lang.IllegalArgumentException
	at org.apache.openejb.OpenEjbContainer$Provider.createEJBContainer(OpenEjbContainer.java:442)
	at javax.ejb.embeddable.EJBContainer.createEJBContainer(EJBContainer.java:56)
	at test.NextTest.setUp(NextTest.java:27)
	at sun.reflect.NativeMethodAccessorImpl.invoke0(Native Method)
	at sun.reflect.NativeMethodAccessorImpl.invoke(NativeMethodAccessorImpl.java:62)
	at sun.reflect.DelegatingMethodAccessorImpl.invoke(DelegatingMethodAccessorImpl.java:43)
	at java.lang.reflect.Method.invoke(Method.java:483)
	at org.junit.runners.model.FrameworkMethod$1.runReflectiveCall(FrameworkMethod.java:47)
	at org.junit.internal.runners.model.ReflectiveCallable.run(ReflectiveCallable.java:12)
	at org.junit.runners.model.FrameworkMethod.invokeExplosively(FrameworkMethod.java:44)
	at org.junit.internal.runners.statements.RunBefores.evaluate(RunBefores.java:24)
	at org.junit.runners.ParentRunner.run(ParentRunner.java:309)
	at org.apache.maven.surefire.junit4.JUnit4Provider.execute(JUnit4Provider.java:252)
	at org.apache.maven.surefire.junit4.JUnit4Provider.executeTestSet(JUnit4Provider.java:141)
	at org.apache.maven.surefire.junit4.JUnit4Provider.invoke(JUnit4Provider.java:112)
	at sun.reflect.NativeMethodAccessorImpl.invoke0(Native Method)
	at sun.reflect.NativeMethodAccessorImpl.invoke(NativeMethodAccessorImpl.java:62)
	at sun.reflect.DelegatingMethodAccessorImpl.invoke(DelegatingMethodAccessorImpl.java:43)
	at java.lang.reflect.Method.invoke(Method.java:483)
	at org.apache.maven.surefire.util.ReflectionUtils.invokeMethodWithArray(ReflectionUtils.java:189)
	at org.apache.maven.surefire.booter.ProviderFactory$ProviderProxy.invoke(ProviderFactory.java:165)
	at org.apache.maven.surefire.booter.ProviderFactory.invokeProvider(ProviderFactory.java:85)
	at org.apache.maven.surefire.booter.ForkedBooter.runSuitesInProcess(ForkedBooter.java:115)
	at org.apache.maven.surefire.booter.ForkedBooter.main(ForkedBooter.java:75)
Caused by: java.lang.IllegalArgumentException
	at org.apache.xbean.asm4.ClassReader.&lt;init&gt;(Unknown Source)
	at org.apache.xbean.asm4.ClassReader.&lt;init&gt;(Unknown Source)
	at org.apache.xbean.asm4.ClassReader.&lt;init&gt;(Unknown Source)
	at org.apache.openejb.util.AnnotationFinder.readClassDef(AnnotationFinder.java:297)
	at org.apache.openejb.util.AnnotationFinder.find(AnnotationFinder.java:163)
	at org.apache.openejb.config.DeploymentLoader.checkAnnotations(DeploymentLoader.java:1871)
	at org.apache.openejb.config.DeploymentLoader.discoverModuleType(DeploymentLoader.java:1782)
	at org.apache.openejb.config.DeploymentsResolver.processUrls(DeploymentsResolver.java:388)
	at org.apache.openejb.config.DeploymentsResolver.loadFromClasspath(DeploymentsResolver.java:301)
	at org.apache.openejb.config.ConfigurationFactory.getModulesFromClassPath(ConfigurationFactory.java:647)
	at org.apache.openejb.OpenEjbContainer$Provider.load(OpenEjbContainer.java:535)
	at org.apache.openejb.OpenEjbContainer$Provider.createEJBContainer(OpenEjbContainer.java:354)
	... 23 more
</error>
    <system-out>Ausführungszeit: 23.854 s
</system-out>
    <system-err>Sep 19, 2014 2:28:55 PM org.apache.openejb.OpenEJB$Instance &lt;init&gt;
INFORMATION: ********************************************************************************
Sep 19, 2014 2:28:55 PM org.apache.openejb.OpenEJB$Instance &lt;init&gt;
INFORMATION: OpenEJB http://openejb.apache.org/
Sep 19, 2014 2:28:55 PM org.apache.openejb.OpenEJB$Instance &lt;init&gt;
INFORMATION: Startup: Fri Sep 19 14:28:55 CEST 2014
Sep 19, 2014 2:28:55 PM org.apache.openejb.OpenEJB$Instance &lt;init&gt;
INFORMATION: Copyright 1999-2013 (C) Apache OpenEJB Project, All Rights Reserved.
Sep 19, 2014 2:28:55 PM org.apache.openejb.OpenEJB$Instance &lt;init&gt;
INFORMATION: Version: 4.6.0.2
Sep 19, 2014 2:28:55 PM org.apache.openejb.OpenEJB$Instance &lt;init&gt;
INFORMATION: Build date: 20140506
Sep 19, 2014 2:28:55 PM org.apache.openejb.OpenEJB$Instance &lt;init&gt;
INFORMATION: Build time: 03:09
Sep 19, 2014 2:28:55 PM org.apache.openejb.OpenEJB$Instance &lt;init&gt;
INFORMATION: ********************************************************************************
Sep 19, 2014 2:28:55 PM org.apache.openejb.OpenEJB$Instance &lt;init&gt;
INFORMATION: openejb.home = D:\Users\A543414\git\javabot\javabot-parent\javabot-webservice
Sep 19, 2014 2:28:55 PM org.apache.openejb.OpenEJB$Instance &lt;init&gt;
INFORMATION: openejb.base = D:\Users\A543414\git\javabot\javabot-parent\javabot-webservice
Sep 19, 2014 2:28:55 PM org.apache.openejb.cdi.CdiBuilder initializeOWB
INFORMATION: Created new singletonService org.apache.openejb.cdi.ThreadSingletonServiceImpl@aced190
Sep 19, 2014 2:28:55 PM org.apache.openejb.cdi.CdiBuilder initializeOWB
INFORMATION: Succeeded in installing singleton service
Sep 19, 2014 2:28:55 PM org.apache.openejb.util.OptionsLog info
INFORMATION: Using &apos;javax.ejb.embeddable.EJBContainer=true&apos;
Sep 19, 2014 2:28:55 PM org.apache.openejb.config.ConfigUtils searchForConfiguration
INFORMATION: Cannot find the configuration file [conf/openejb.xml].  Will attempt to create one for the beans deployed.
Sep 19, 2014 2:28:55 PM org.apache.openejb.config.ConfigurationFactory configureService
INFORMATION: Configuring Service(id=Default Security Service, type=SecurityService, provider-id=Default Security Service)
Sep 19, 2014 2:28:55 PM org.apache.openejb.config.ConfigurationFactory configureService
INFORMATION: Configuring Service(id=Default Transaction Manager, type=TransactionManager, provider-id=Default Transaction Manager)
Sep 19, 2014 2:28:55 PM org.apache.openejb.assembler.classic.Assembler createRecipe
INFORMATION: Creating TransactionManager(id=Default Transaction Manager)
Sep 19, 2014 2:28:55 PM org.apache.openejb.assembler.classic.Assembler createRecipe
INFORMATION: Creating SecurityService(id=Default Security Service)
</system-err>
  </testcase>
</testsuite>